d:\codage\bb_repos\my\isda_me\isda_me\debug\isda_me.pch
d:\codage\bb_repos\my\isda_me\isda_me\debug\vc140.pdb
d:\codage\bb_repos\my\isda_me\isda_me\debug\vc140.idb
d:\codage\bb_repos\my\isda_me\isda_me\debug\stdafx.obj
d:\codage\bb_repos\my\isda_me\isda_me\debug\memorymanager.obj
d:\codage\bb_repos\my\isda_me\isda_me\debug\memorypool.obj
d:\codage\bb_repos\my\isda_me\isda_me\debug\objects.obj
d:\codage\bb_repos\my\isda_me\isda_me\debug\rtbrent.obj
d:\codage\bb_repos\my\isda_me\isda_me\debug\schedule.obj
d:\codage\bb_repos\my\isda_me\isda_me\debug\streamcf.obj
d:\codage\bb_repos\my\isda_me\isda_me\debug\strutil.obj
d:\codage\bb_repos\my\isda_me\isda_me\debug\stub.obj
d:\codage\bb_repos\my\isda_me\isda_me\debug\tcurve.obj
d:\codage\bb_repos\my\isda_me\isda_me\debug\timeline.obj
d:\codage\bb_repos\my\isda_me\isda_me\debug\version.obj
d:\codage\bb_repos\my\isda_me\isda_me\debug\xlutils.obj
d:\codage\bb_repos\my\isda_me\isda_me\debug\yearfrac.obj
d:\codage\bb_repos\my\isda_me\isda_me\debug\zcall.obj
d:\codage\bb_repos\my\isda_me\isda_me\debug\zcswap.obj
d:\codage\bb_repos\my\isda_me\isda_me\debug\zcswdate.obj
d:\codage\bb_repos\my\isda_me\isda_me\debug\zcswutil.obj
d:\codage\bb_repos\my\isda_me\isda_me\debug\zerocurve.obj
d:\codage\bb_repos\my\isda_me\isda_me\debug\zr2coup.obj
d:\codage\bb_repos\my\isda_me\isda_me\debug\zr2fwd.obj
d:\codage\bb_repos\my\isda_me\isda_me\debug\cx.obj
d:\codage\bb_repos\my\isda_me\isda_me\debug\cxbsearch.obj
d:\codage\bb_repos\my\isda_me\isda_me\debug\cxdatelist.obj
d:\codage\bb_repos\my\isda_me\isda_me\debug\cxzerocurve.obj
d:\codage\bb_repos\my\isda_me\isda_me\debug\dateadj.obj
d:\codage\bb_repos\my\isda_me\isda_me\debug\dateconv.obj
d:\codage\bb_repos\my\isda_me\isda_me\debug\datelist.obj
d:\codage\bb_repos\my\isda_me\isda_me\debug\date_sup.obj
d:\codage\bb_repos\my\isda_me\isda_me\debug\defaulted.obj
d:\codage\bb_repos\my\isda_me\isda_me\debug\dtlist.obj
d:\codage\bb_repos\my\isda_me\isda_me\debug\feeleg.obj
d:\codage\bb_repos\my\isda_me\isda_me\debug\fltrate.obj
d:\codage\bb_repos\my\isda_me\isda_me\debug\gtozc.obj
d:\codage\bb_repos\my\isda_me\isda_me\debug\interpc.obj
d:\codage\bb_repos\my\isda_me\isda_me\debug\isda_me.obj
d:\codage\bb_repos\my\isda_me\isda_me\debug\ldate.obj
d:\codage\bb_repos\my\isda_me\isda_me\debug\linterpc.obj
d:\codage\bb_repos\my\isda_me\isda_me\debug\lintrp1.obj
d:\codage\bb_repos\my\isda_me\isda_me\debug\lprintf.obj
d:\codage\bb_repos\my\isda_me\isda_me\debug\lscanf.obj
d:\codage\bb_repos\my\isda_me\isda_me\debug\badday.obj
d:\codage\bb_repos\my\isda_me\isda_me\debug\bsearch.obj
d:\codage\bb_repos\my\isda_me\isda_me\debug\buscache.obj
d:\codage\bb_repos\my\isda_me\isda_me\debug\busday.obj
d:\codage\bb_repos\my\isda_me\isda_me\debug\cashflow.obj
d:\codage\bb_repos\my\isda_me\isda_me\debug\cds.obj
d:\codage\bb_repos\my\isda_me\isda_me\debug\cdsbootstrap.obj
d:\codage\bb_repos\my\isda_me\isda_me\debug\cdsone.obj
d:\codage\bb_repos\my\isda_me\isda_me\debug\cerror.obj
d:\codage\bb_repos\my\isda_me\isda_me\debug\cfileio.obj
d:\codage\bb_repos\my\isda_me\isda_me\debug\cfinanci.obj
d:\codage\bb_repos\my\isda_me\isda_me\debug\cmemory.obj
d:\codage\bb_repos\my\isda_me\isda_me\debug\contingentleg.obj
d:\codage\bb_repos\my\isda_me\isda_me\debug\convert.obj
d:\codage\bb_repos\my\isda_me\isda_me\debug\dllmain.obj
d:\codage\bb_repos\my\isda_me\debug\isda_me.lib
d:\codage\bb_repos\my\isda_me\debug\isda_me.exp
d:\codage\bb_repos\my\isda_me\debug\isda_me.ilk
d:\codage\bb_repos\my\isda_me\debug\isda_me.xll
d:\codage\bb_repos\my\isda_me\debug\isda_me.pdb
d:\coding\gh_repos\isda_cds_model_c_v1.8.2_mvs2015\isda_me\isda_me\debug\badday.obj
d:\coding\gh_repos\isda_cds_model_c_v1.8.2_mvs2015\isda_me\isda_me\debug\bsearch.obj
d:\coding\gh_repos\isda_cds_model_c_v1.8.2_mvs2015\isda_me\isda_me\debug\buscache.obj
d:\coding\gh_repos\isda_cds_model_c_v1.8.2_mvs2015\isda_me\isda_me\debug\busday.obj
d:\coding\gh_repos\isda_cds_model_c_v1.8.2_mvs2015\isda_me\isda_me\debug\cashflow.obj
d:\coding\gh_repos\isda_cds_model_c_v1.8.2_mvs2015\isda_me\isda_me\debug\cds.obj
d:\coding\gh_repos\isda_cds_model_c_v1.8.2_mvs2015\isda_me\isda_me\debug\cdsbootstrap.obj
d:\coding\gh_repos\isda_cds_model_c_v1.8.2_mvs2015\isda_me\isda_me\debug\cdsone.obj
d:\coding\gh_repos\isda_cds_model_c_v1.8.2_mvs2015\isda_me\isda_me\debug\cerror.obj
d:\coding\gh_repos\isda_cds_model_c_v1.8.2_mvs2015\isda_me\isda_me\debug\cfileio.obj
d:\coding\gh_repos\isda_cds_model_c_v1.8.2_mvs2015\isda_me\isda_me\debug\cfinanci.obj
d:\coding\gh_repos\isda_cds_model_c_v1.8.2_mvs2015\isda_me\isda_me\debug\cmemory.obj
d:\coding\gh_repos\isda_cds_model_c_v1.8.2_mvs2015\isda_me\isda_me\debug\contingentleg.obj
d:\coding\gh_repos\isda_cds_model_c_v1.8.2_mvs2015\isda_me\isda_me\debug\convert.obj
d:\coding\gh_repos\isda_cds_model_c_v1.8.2_mvs2015\isda_me\isda_me\debug\cx.obj
d:\coding\gh_repos\isda_cds_model_c_v1.8.2_mvs2015\isda_me\isda_me\debug\cxbsearch.obj
d:\coding\gh_repos\isda_cds_model_c_v1.8.2_mvs2015\isda_me\isda_me\debug\cxdatelist.obj
d:\coding\gh_repos\isda_cds_model_c_v1.8.2_mvs2015\isda_me\isda_me\debug\cxzerocurve.obj
d:\coding\gh_repos\isda_cds_model_c_v1.8.2_mvs2015\isda_me\isda_me\debug\dateadj.obj
d:\coding\gh_repos\isda_cds_model_c_v1.8.2_mvs2015\isda_me\isda_me\debug\dateconv.obj
d:\coding\gh_repos\isda_cds_model_c_v1.8.2_mvs2015\isda_me\isda_me\debug\datelist.obj
d:\coding\gh_repos\isda_cds_model_c_v1.8.2_mvs2015\isda_me\isda_me\debug\date_sup.obj
d:\coding\gh_repos\isda_cds_model_c_v1.8.2_mvs2015\isda_me\isda_me\debug\defaulted.obj
d:\coding\gh_repos\isda_cds_model_c_v1.8.2_mvs2015\isda_me\isda_me\debug\dllmain.obj
d:\coding\gh_repos\isda_cds_model_c_v1.8.2_mvs2015\isda_me\isda_me\debug\dtlist.obj
d:\coding\gh_repos\isda_cds_model_c_v1.8.2_mvs2015\isda_me\isda_me\debug\feeleg.obj
d:\coding\gh_repos\isda_cds_model_c_v1.8.2_mvs2015\isda_me\isda_me\debug\fltrate.obj
d:\coding\gh_repos\isda_cds_model_c_v1.8.2_mvs2015\isda_me\isda_me\debug\gtozc.obj
d:\coding\gh_repos\isda_cds_model_c_v1.8.2_mvs2015\isda_me\isda_me\debug\interpc.obj
d:\coding\gh_repos\isda_cds_model_c_v1.8.2_mvs2015\isda_me\isda_me\debug\isda_me.obj
d:\coding\gh_repos\isda_cds_model_c_v1.8.2_mvs2015\isda_me\isda_me\debug\ldate.obj
d:\coding\gh_repos\isda_cds_model_c_v1.8.2_mvs2015\isda_me\isda_me\debug\linterpc.obj
d:\coding\gh_repos\isda_cds_model_c_v1.8.2_mvs2015\isda_me\isda_me\debug\lintrp1.obj
d:\coding\gh_repos\isda_cds_model_c_v1.8.2_mvs2015\isda_me\isda_me\debug\lprintf.obj
d:\coding\gh_repos\isda_cds_model_c_v1.8.2_mvs2015\isda_me\isda_me\debug\lscanf.obj
d:\coding\gh_repos\isda_cds_model_c_v1.8.2_mvs2015\isda_me\isda_me\debug\memorymanager.obj
d:\coding\gh_repos\isda_cds_model_c_v1.8.2_mvs2015\isda_me\isda_me\debug\memorypool.obj
d:\coding\gh_repos\isda_cds_model_c_v1.8.2_mvs2015\isda_me\isda_me\debug\objects.obj
d:\coding\gh_repos\isda_cds_model_c_v1.8.2_mvs2015\isda_me\isda_me\debug\rtbrent.obj
d:\coding\gh_repos\isda_cds_model_c_v1.8.2_mvs2015\isda_me\isda_me\debug\schedule.obj
d:\coding\gh_repos\isda_cds_model_c_v1.8.2_mvs2015\isda_me\isda_me\debug\stdafx.obj
d:\coding\gh_repos\isda_cds_model_c_v1.8.2_mvs2015\isda_me\isda_me\debug\streamcf.obj
d:\coding\gh_repos\isda_cds_model_c_v1.8.2_mvs2015\isda_me\isda_me\debug\strutil.obj
d:\coding\gh_repos\isda_cds_model_c_v1.8.2_mvs2015\isda_me\isda_me\debug\stub.obj
d:\coding\gh_repos\isda_cds_model_c_v1.8.2_mvs2015\isda_me\isda_me\debug\tcurve.obj
d:\coding\gh_repos\isda_cds_model_c_v1.8.2_mvs2015\isda_me\isda_me\debug\timeline.obj
d:\coding\gh_repos\isda_cds_model_c_v1.8.2_mvs2015\isda_me\isda_me\debug\version.obj
d:\coding\gh_repos\isda_cds_model_c_v1.8.2_mvs2015\isda_me\isda_me\debug\xlutils.obj
d:\coding\gh_repos\isda_cds_model_c_v1.8.2_mvs2015\isda_me\isda_me\debug\yearfrac.obj
d:\coding\gh_repos\isda_cds_model_c_v1.8.2_mvs2015\isda_me\isda_me\debug\zcall.obj
d:\coding\gh_repos\isda_cds_model_c_v1.8.2_mvs2015\isda_me\isda_me\debug\zcswap.obj
d:\coding\gh_repos\isda_cds_model_c_v1.8.2_mvs2015\isda_me\isda_me\debug\zcswdate.obj
d:\coding\gh_repos\isda_cds_model_c_v1.8.2_mvs2015\isda_me\isda_me\debug\zcswutil.obj
d:\coding\gh_repos\isda_cds_model_c_v1.8.2_mvs2015\isda_me\isda_me\debug\zerocurve.obj
d:\coding\gh_repos\isda_cds_model_c_v1.8.2_mvs2015\isda_me\isda_me\debug\zr2coup.obj
d:\coding\gh_repos\isda_cds_model_c_v1.8.2_mvs2015\isda_me\isda_me\debug\zr2fwd.obj
d:\coding\gh_repos\isda_cds_model_c_v1.8.2_mvs2015\isda_me\isda_me\debug\isda_me.ilk
d:\coding\gh_repos\isda_cds_model_c_v1.8.2_mvs2015\isda_me\isda_me\debug\isda_me.pch
d:\coding\gh_repos\isda_cds_model_c_v1.8.2_mvs2015\isda_me\isda_me\debug\vc140.idb
d:\coding\gh_repos\isda_cds_model_c_v1.8.2_mvs2015\isda_me\isda_me\debug\vc143.idb
d:\coding\gh_repos\isda_cds_model_c_v1.8.2_mvs2015\isda_me\isda_me\debug\vc140.pdb
d:\coding\gh_repos\isda_cds_model_c_v1.8.2_mvs2015\isda_me\isda_me\debug\vc143.pdb
d:\coding\gh_repos\isda_cds_model_c_v1.8.2_mvs2015\isda_me\debug\isda_me.pdb
d:\coding\gh_repos\isda_cds_model_c_v1.8.2_mvs2015\isda_me\debug\isda_me.ilk
d:\coding\gh_repos\isda_cds_model_c_v1.8.2_mvs2015\isda_me\isda_me\debug\isda_me.tlog\cl.command.1.tlog
d:\coding\gh_repos\isda_cds_model_c_v1.8.2_mvs2015\isda_me\isda_me\debug\isda_me.tlog\cl.read.1.tlog
d:\coding\gh_repos\isda_cds_model_c_v1.8.2_mvs2015\isda_me\isda_me\debug\isda_me.tlog\cl.write.1.tlog
d:\coding\gh_repos\isda_cds_model_c_v1.8.2_mvs2015\isda_me\isda_me\debug\isda_me.tlog\isda_me.write.1u.tlog
d:\coding\gh_repos\isda_cds_model_c_v1.8.2_mvs2015\isda_me\isda_me\debug\isda_me.tlog\link.command.1.tlog
d:\coding\gh_repos\isda_cds_model_c_v1.8.2_mvs2015\isda_me\isda_me\debug\isda_me.tlog\link.read.1.tlog
d:\coding\gh_repos\isda_cds_model_c_v1.8.2_mvs2015\isda_me\isda_me\debug\isda_me.tlog\link.write.1.tlog
