d:\codage\bb_repos\my\isda_me\isda_me\release\isda_me.pch
d:\codage\bb_repos\my\isda_me\isda_me\release\vc140.pdb
d:\codage\bb_repos\my\isda_me\isda_me\release\stdafx.obj
d:\codage\bb_repos\my\isda_me\isda_me\release\dateconv.obj
d:\codage\bb_repos\my\isda_me\isda_me\release\dateadj.obj
d:\codage\bb_repos\my\isda_me\isda_me\release\cxzerocurve.obj
d:\codage\bb_repos\my\isda_me\isda_me\release\cxdatelist.obj
d:\codage\bb_repos\my\isda_me\isda_me\release\cxbsearch.obj
d:\codage\bb_repos\my\isda_me\isda_me\release\cx.obj
d:\codage\bb_repos\my\isda_me\isda_me\release\convert.obj
d:\codage\bb_repos\my\isda_me\isda_me\release\contingentleg.obj
d:\codage\bb_repos\my\isda_me\isda_me\release\cmemory.obj
d:\codage\bb_repos\my\isda_me\isda_me\release\cfinanci.obj
d:\codage\bb_repos\my\isda_me\isda_me\release\cfileio.obj
d:\codage\bb_repos\my\isda_me\isda_me\release\cerror.obj
d:\codage\bb_repos\my\isda_me\isda_me\release\cdsone.obj
d:\codage\bb_repos\my\isda_me\isda_me\release\cdsbootstrap.obj
d:\codage\bb_repos\my\isda_me\isda_me\release\cds.obj
d:\codage\bb_repos\my\isda_me\isda_me\release\cashflow.obj
d:\codage\bb_repos\my\isda_me\isda_me\release\busday.obj
d:\codage\bb_repos\my\isda_me\isda_me\release\buscache.obj
d:\codage\bb_repos\my\isda_me\isda_me\release\bsearch.obj
d:\codage\bb_repos\my\isda_me\isda_me\release\badday.obj
d:\codage\bb_repos\my\isda_me\isda_me\release\streamcf.obj
d:\codage\bb_repos\my\isda_me\isda_me\release\schedule.obj
d:\codage\bb_repos\my\isda_me\isda_me\release\rtbrent.obj
d:\codage\bb_repos\my\isda_me\isda_me\release\objects.obj
d:\codage\bb_repos\my\isda_me\isda_me\release\memorypool.obj
d:\codage\bb_repos\my\isda_me\isda_me\release\memorymanager.obj
d:\codage\bb_repos\my\isda_me\isda_me\release\lscanf.obj
d:\codage\bb_repos\my\isda_me\isda_me\release\lprintf.obj
d:\codage\bb_repos\my\isda_me\isda_me\release\lintrp1.obj
d:\codage\bb_repos\my\isda_me\isda_me\release\linterpc.obj
d:\codage\bb_repos\my\isda_me\isda_me\release\ldate.obj
d:\codage\bb_repos\my\isda_me\isda_me\release\isda_me.obj
d:\codage\bb_repos\my\isda_me\isda_me\release\interpc.obj
d:\codage\bb_repos\my\isda_me\isda_me\release\gtozc.obj
d:\codage\bb_repos\my\isda_me\isda_me\release\fltrate.obj
d:\codage\bb_repos\my\isda_me\isda_me\release\feeleg.obj
d:\codage\bb_repos\my\isda_me\isda_me\release\dtlist.obj
d:\codage\bb_repos\my\isda_me\isda_me\release\defaulted.obj
d:\codage\bb_repos\my\isda_me\isda_me\release\date_sup.obj
d:\codage\bb_repos\my\isda_me\isda_me\release\datelist.obj
d:\codage\bb_repos\my\isda_me\isda_me\release\zr2fwd.obj
d:\codage\bb_repos\my\isda_me\isda_me\release\zr2coup.obj
d:\codage\bb_repos\my\isda_me\isda_me\release\zerocurve.obj
d:\codage\bb_repos\my\isda_me\isda_me\release\zcswutil.obj
d:\codage\bb_repos\my\isda_me\isda_me\release\zcswdate.obj
d:\codage\bb_repos\my\isda_me\isda_me\release\zcswap.obj
d:\codage\bb_repos\my\isda_me\isda_me\release\zcall.obj
d:\codage\bb_repos\my\isda_me\isda_me\release\yearfrac.obj
d:\codage\bb_repos\my\isda_me\isda_me\release\xlutils.obj
d:\codage\bb_repos\my\isda_me\isda_me\release\version.obj
d:\codage\bb_repos\my\isda_me\isda_me\release\timeline.obj
d:\codage\bb_repos\my\isda_me\isda_me\release\tcurve.obj
d:\codage\bb_repos\my\isda_me\isda_me\release\stub.obj
d:\codage\bb_repos\my\isda_me\isda_me\release\strutil.obj
d:\codage\bb_repos\my\isda_me\isda_me\release\dllmain.obj
d:\codage\bb_repos\my\isda_me\release\isda_me.lib
d:\codage\bb_repos\my\isda_me\release\isda_me.exp
d:\codage\bb_repos\my\isda_me\release\isda_me.xll
d:\codage\bb_repos\my\isda_me\release\isda_me.ipdb
d:\codage\bb_repos\my\isda_me\release\isda_me.iobj
d:\codage\bb_repos\my\isda_me\release\isda_me.pdb
d:\coding\gh_repos\isda_cds_model_c_v1.8.2_mvs2015\isda_me\isda_me\release\badday.obj
d:\coding\gh_repos\isda_cds_model_c_v1.8.2_mvs2015\isda_me\isda_me\release\bsearch.obj
d:\coding\gh_repos\isda_cds_model_c_v1.8.2_mvs2015\isda_me\isda_me\release\buscache.obj
d:\coding\gh_repos\isda_cds_model_c_v1.8.2_mvs2015\isda_me\isda_me\release\busday.obj
d:\coding\gh_repos\isda_cds_model_c_v1.8.2_mvs2015\isda_me\isda_me\release\cashflow.obj
d:\coding\gh_repos\isda_cds_model_c_v1.8.2_mvs2015\isda_me\isda_me\release\cds.obj
d:\coding\gh_repos\isda_cds_model_c_v1.8.2_mvs2015\isda_me\isda_me\release\cdsbootstrap.obj
d:\coding\gh_repos\isda_cds_model_c_v1.8.2_mvs2015\isda_me\isda_me\release\cdsone.obj
d:\coding\gh_repos\isda_cds_model_c_v1.8.2_mvs2015\isda_me\isda_me\release\cerror.obj
d:\coding\gh_repos\isda_cds_model_c_v1.8.2_mvs2015\isda_me\isda_me\release\cfileio.obj
d:\coding\gh_repos\isda_cds_model_c_v1.8.2_mvs2015\isda_me\isda_me\release\cfinanci.obj
d:\coding\gh_repos\isda_cds_model_c_v1.8.2_mvs2015\isda_me\isda_me\release\cmemory.obj
d:\coding\gh_repos\isda_cds_model_c_v1.8.2_mvs2015\isda_me\isda_me\release\contingentleg.obj
d:\coding\gh_repos\isda_cds_model_c_v1.8.2_mvs2015\isda_me\isda_me\release\convert.obj
d:\coding\gh_repos\isda_cds_model_c_v1.8.2_mvs2015\isda_me\isda_me\release\cx.obj
d:\coding\gh_repos\isda_cds_model_c_v1.8.2_mvs2015\isda_me\isda_me\release\cxbsearch.obj
d:\coding\gh_repos\isda_cds_model_c_v1.8.2_mvs2015\isda_me\isda_me\release\cxdatelist.obj
d:\coding\gh_repos\isda_cds_model_c_v1.8.2_mvs2015\isda_me\isda_me\release\cxzerocurve.obj
d:\coding\gh_repos\isda_cds_model_c_v1.8.2_mvs2015\isda_me\isda_me\release\dateadj.obj
d:\coding\gh_repos\isda_cds_model_c_v1.8.2_mvs2015\isda_me\isda_me\release\dateconv.obj
d:\coding\gh_repos\isda_cds_model_c_v1.8.2_mvs2015\isda_me\isda_me\release\datelist.obj
d:\coding\gh_repos\isda_cds_model_c_v1.8.2_mvs2015\isda_me\isda_me\release\date_sup.obj
d:\coding\gh_repos\isda_cds_model_c_v1.8.2_mvs2015\isda_me\isda_me\release\defaulted.obj
d:\coding\gh_repos\isda_cds_model_c_v1.8.2_mvs2015\isda_me\isda_me\release\dllmain.obj
d:\coding\gh_repos\isda_cds_model_c_v1.8.2_mvs2015\isda_me\isda_me\release\dtlist.obj
d:\coding\gh_repos\isda_cds_model_c_v1.8.2_mvs2015\isda_me\isda_me\release\feeleg.obj
d:\coding\gh_repos\isda_cds_model_c_v1.8.2_mvs2015\isda_me\isda_me\release\fltrate.obj
d:\coding\gh_repos\isda_cds_model_c_v1.8.2_mvs2015\isda_me\isda_me\release\gtozc.obj
d:\coding\gh_repos\isda_cds_model_c_v1.8.2_mvs2015\isda_me\isda_me\release\interpc.obj
d:\coding\gh_repos\isda_cds_model_c_v1.8.2_mvs2015\isda_me\isda_me\release\isda_me.obj
d:\coding\gh_repos\isda_cds_model_c_v1.8.2_mvs2015\isda_me\isda_me\release\ldate.obj
d:\coding\gh_repos\isda_cds_model_c_v1.8.2_mvs2015\isda_me\isda_me\release\linterpc.obj
d:\coding\gh_repos\isda_cds_model_c_v1.8.2_mvs2015\isda_me\isda_me\release\lintrp1.obj
d:\coding\gh_repos\isda_cds_model_c_v1.8.2_mvs2015\isda_me\isda_me\release\lprintf.obj
d:\coding\gh_repos\isda_cds_model_c_v1.8.2_mvs2015\isda_me\isda_me\release\lscanf.obj
d:\coding\gh_repos\isda_cds_model_c_v1.8.2_mvs2015\isda_me\isda_me\release\memorymanager.obj
d:\coding\gh_repos\isda_cds_model_c_v1.8.2_mvs2015\isda_me\isda_me\release\memorypool.obj
d:\coding\gh_repos\isda_cds_model_c_v1.8.2_mvs2015\isda_me\isda_me\release\objects.obj
d:\coding\gh_repos\isda_cds_model_c_v1.8.2_mvs2015\isda_me\isda_me\release\rtbrent.obj
d:\coding\gh_repos\isda_cds_model_c_v1.8.2_mvs2015\isda_me\isda_me\release\schedule.obj
d:\coding\gh_repos\isda_cds_model_c_v1.8.2_mvs2015\isda_me\isda_me\release\stdafx.obj
d:\coding\gh_repos\isda_cds_model_c_v1.8.2_mvs2015\isda_me\isda_me\release\streamcf.obj
d:\coding\gh_repos\isda_cds_model_c_v1.8.2_mvs2015\isda_me\isda_me\release\strutil.obj
d:\coding\gh_repos\isda_cds_model_c_v1.8.2_mvs2015\isda_me\isda_me\release\stub.obj
d:\coding\gh_repos\isda_cds_model_c_v1.8.2_mvs2015\isda_me\isda_me\release\tcurve.obj
d:\coding\gh_repos\isda_cds_model_c_v1.8.2_mvs2015\isda_me\isda_me\release\timeline.obj
d:\coding\gh_repos\isda_cds_model_c_v1.8.2_mvs2015\isda_me\isda_me\release\version.obj
d:\coding\gh_repos\isda_cds_model_c_v1.8.2_mvs2015\isda_me\isda_me\release\xlutils.obj
d:\coding\gh_repos\isda_cds_model_c_v1.8.2_mvs2015\isda_me\isda_me\release\yearfrac.obj
d:\coding\gh_repos\isda_cds_model_c_v1.8.2_mvs2015\isda_me\isda_me\release\zcall.obj
d:\coding\gh_repos\isda_cds_model_c_v1.8.2_mvs2015\isda_me\isda_me\release\zcswap.obj
d:\coding\gh_repos\isda_cds_model_c_v1.8.2_mvs2015\isda_me\isda_me\release\zcswdate.obj
d:\coding\gh_repos\isda_cds_model_c_v1.8.2_mvs2015\isda_me\isda_me\release\zcswutil.obj
d:\coding\gh_repos\isda_cds_model_c_v1.8.2_mvs2015\isda_me\isda_me\release\zerocurve.obj
d:\coding\gh_repos\isda_cds_model_c_v1.8.2_mvs2015\isda_me\isda_me\release\zr2coup.obj
d:\coding\gh_repos\isda_cds_model_c_v1.8.2_mvs2015\isda_me\isda_me\release\zr2fwd.obj
d:\coding\gh_repos\isda_cds_model_c_v1.8.2_mvs2015\isda_me\isda_me\release\isda_me.ipdb
d:\coding\gh_repos\isda_cds_model_c_v1.8.2_mvs2015\isda_me\isda_me\release\isda_me.iobj
d:\coding\gh_repos\isda_cds_model_c_v1.8.2_mvs2015\isda_me\isda_me\release\isda_me.pch
d:\coding\gh_repos\isda_cds_model_c_v1.8.2_mvs2015\isda_me\isda_me\release\vc140.pdb
d:\coding\gh_repos\isda_cds_model_c_v1.8.2_mvs2015\isda_me\isda_me\release\vc143.pdb
d:\coding\gh_repos\isda_cds_model_c_v1.8.2_mvs2015\isda_me\release\isda_me.pdb
d:\coding\gh_repos\isda_cds_model_c_v1.8.2_mvs2015\isda_me\isda_me\release\isda_me.tlog\cl.command.1.tlog
d:\coding\gh_repos\isda_cds_model_c_v1.8.2_mvs2015\isda_me\isda_me\release\isda_me.tlog\cl.read.1.tlog
d:\coding\gh_repos\isda_cds_model_c_v1.8.2_mvs2015\isda_me\isda_me\release\isda_me.tlog\cl.write.1.tlog
d:\coding\gh_repos\isda_cds_model_c_v1.8.2_mvs2015\isda_me\isda_me\release\isda_me.tlog\isda_me.write.1u.tlog
d:\coding\gh_repos\isda_cds_model_c_v1.8.2_mvs2015\isda_me\isda_me\release\isda_me.tlog\link.command.1.tlog
d:\coding\gh_repos\isda_cds_model_c_v1.8.2_mvs2015\isda_me\isda_me\release\isda_me.tlog\link.read.1.tlog
d:\coding\gh_repos\isda_cds_model_c_v1.8.2_mvs2015\isda_me\isda_me\release\isda_me.tlog\link.write.1.tlog
